<?xml version="1.0" encoding="UTF-8"?>
<!-- Generated by org.testng.reporters.JUnitReportReporter -->
<testsuite hostname="LIN-5CD532CCJR" failures="0" tests="4" name="TestNG.TestNGex8" time="0.063" errors="0" timestamp="2025-11-14T10:41:05 IST" skipped="0">
  <testcase classname="TestNG.TestNGex8" name="m2" time="0.017"/>
  <testcase classname="TestNG.TestNGex8" name="m4" time="0.013"/>
  <testcase classname="TestNG.TestNGex8" name="m3" time="0.014"/>
  <testcase classname="TestNG.TestNGex8" name="m1" time="0.019"/>
</testsuite> <!-- TestNG.TestNGex8 -->
