<?xml version="1.0" encoding="UTF-8"?>
<!-- Generated by org.testng.reporters.JUnitReportReporter -->
<testsuite hostname="LIN-5CD532CCJR" failures="0" tests="4" name="TestNG.TestNGex3" time="0.016" errors="0" timestamp="2025-11-12T17:41:07 IST" skipped="0">
  <testcase classname="TestNG.TestNGex3" name="PaymentTest" time="0.010"/>
  <testcase classname="TestNG.TestNGex3" name="LoginTest" time="0.002"/>
  <testcase classname="TestNG.TestNGex3" name="RegistrationTest" time="0.002"/>
  <testcase classname="TestNG.TestNGex3" name="BillingTest" time="0.002"/>
</testsuite> <!-- TestNG.TestNGex3 -->
