<?xml version="1.0" encoding="UTF-8"?>
<!-- Generated by org.testng.reporters.JUnitReportReporter -->
<testsuite hostname="LIN-5CD532CCJR" failures="0" tests="3" name="TestNG.TestNGex9" time="0.011" errors="0" timestamp="2025-11-14T11:01:29 IST" skipped="0">
  <testcase classname="TestNG.TestNGex9" name="login" time="0.002"/>
  <testcase classname="TestNG.TestNGex9" name="login" time="0.007"/>
  <testcase classname="TestNG.TestNGex9" name="login" time="0.002"/>
</testsuite> <!-- TestNG.TestNGex9 -->
